This file contains any messages produced by compilers while
running configure, to aid debugging if configure makes a mistake.

It was created by configure, which was
generated by GNU Autoconf 2.68.  Invocation command line was

  $ ./configure --no-create --no-recursion

## --------- ##
## Platform. ##
## --------- ##

hostname = manbeardo-bigbox
uname -m = i686
uname -r = 3.0.0-15-generic-pae
uname -s = Linux
uname -v = #25-Ubuntu SMP Mon Jan 2 19:40:15 UTC 2012

/usr/bin/uname -p = unknown
/bin/uname -X     = unknown

/bin/arch              = unknown
/usr/bin/arch -k       = unknown
/usr/convex/getsysinfo = unknown
/usr/bin/hostinfo      = unknown
/bin/machine           = unknown
/usr/bin/oslevel       = unknown
/bin/universe          = unknown

PATH: /usr/lib/lightdm/lightdm
PATH: /usr/local/sbin
PATH: /usr/local/bin
PATH: /usr/sbin
PATH: /usr/bin
PATH: /sbin
PATH: /bin
PATH: /usr/games


## ----------- ##
## Core tests. ##
## ----------- ##

configure:2411: checking for a BSD-compatible install
configure:2479: result: /usr/bin/install -c
configure:2490: checking whether build environment is sane
configure:2540: result: yes
configure:2681: checking for a thread-safe mkdir -p
configure:2720: result: /bin/mkdir -p
configure:2733: checking for gawk
configure:2763: result: no
configure:2733: checking for mawk
configure:2749: found /usr/bin/mawk
configure:2760: result: mawk
configure:2771: checking whether make sets $(MAKE)
configure:2793: result: yes
configure:2925: checking for gcc
configure:2941: found /usr/bin/gcc
configure:2952: result: gcc
configure:3181: checking for C compiler version
configure:3190: gcc --version >&5
gcc (Ubuntu/Linaro 4.6.1-9ubuntu3) 4.6.1
Copyright (C) 2011 Free Software Foundation, Inc.
This is free software; see the source for copying conditions.  There is NO
warranty; not even for MERCHANTABILITY or FITNESS FOR A PARTICULAR PURPOSE.

configure:3201: $? = 0
configure:3190: gcc -v >&5
Using built-in specs.
COLLECT_GCC=gcc
COLLECT_LTO_WRAPPER=/usr/lib/gcc/i686-linux-gnu/4.6.1/lto-wrapper
Target: i686-linux-gnu
Configured with: ../src/configure -v --with-pkgversion='Ubuntu/Linaro 4.6.1-9ubuntu3' --with-bugurl=file:///usr/share/doc/gcc-4.6/README.Bugs --enable-languages=c,c++,fortran,objc,obj-c++,go --prefix=/usr --program-suffix=-4.6 --enable-shared --enable-linker-build-id --with-system-zlib --libexecdir=/usr/lib --without-included-gettext --enable-threads=posix --with-gxx-include-dir=/usr/include/c++/4.6 --libdir=/usr/lib --enable-nls --with-sysroot=/ --enable-clocale=gnu --enable-libstdcxx-debug --enable-libstdcxx-time=yes --enable-plugin --enable-objc-gc --enable-targets=all --disable-werror --with-arch-32=i686 --with-tune=generic --enable-checking=release --build=i686-linux-gnu --host=i686-linux-gnu --target=i686-linux-gnu
Thread model: posix
gcc version 4.6.1 (Ubuntu/Linaro 4.6.1-9ubuntu3) 
configure:3201: $? = 0
configure:3190: gcc -V >&5
gcc: error: unrecognized option '-V'
gcc: fatal error: no input files
compilation terminated.
configure:3201: $? = 4
configure:3190: gcc -qversion >&5
gcc: error: unrecognized option '-qversion'
gcc: fatal error: no input files
compilation terminated.
configure:3201: $? = 4
configure:3221: checking whether the C compiler works
configure:3243: gcc    conftest.c  >&5
configure:3247: $? = 0
configure:3295: result: yes
configure:3298: checking for C compiler default output file name
configure:3300: result: a.out
configure:3306: checking for suffix of executables
configure:3313: gcc -o conftest    conftest.c  >&5
configure:3317: $? = 0
configure:3339: result: 
configure:3361: checking whether we are cross compiling
configure:3369: gcc -o conftest    conftest.c  >&5
configure:3373: $? = 0
configure:3380: ./conftest
configure:3384: $? = 0
configure:3399: result: no
configure:3404: checking for suffix of object files
configure:3426: gcc -c   conftest.c >&5
configure:3430: $? = 0
configure:3451: result: o
configure:3455: checking whether we are using the GNU C compiler
configure:3474: gcc -c   conftest.c >&5
configure:3474: $? = 0
configure:3483: result: yes
configure:3492: checking whether gcc accepts -g
configure:3512: gcc -c -g  conftest.c >&5
configure:3512: $? = 0
configure:3553: result: yes
configure:3570: checking for gcc option to accept ISO C89
configure:3634: gcc  -c -g -O2  conftest.c >&5
configure:3634: $? = 0
configure:3647: result: none needed
configure:3678: checking for style of include used by make
configure:3706: result: GNU
configure:3731: checking dependency style of gcc
configure:3841: result: gcc3
configure:3885: checking build system type
configure:3899: result: i686-pc-linux-gnu
configure:3919: checking host system type
configure:3932: result: i686-pc-linux-gnu
configure:3952: checking for a sed that does not truncate output
configure:4016: result: /bin/sed
configure:4034: checking for grep that handles long lines and -e
configure:4092: result: /bin/grep
configure:4097: checking for egrep
configure:4159: result: /bin/grep -E
configure:4164: checking for fgrep
configure:4226: result: /bin/grep -F
configure:4261: checking for ld used by gcc
configure:4328: result: /usr/bin/ld
configure:4335: checking if the linker (/usr/bin/ld) is GNU ld
configure:4350: result: yes
configure:4362: checking for BSD- or MS-compatible name lister (nm)
configure:4411: result: /usr/bin/nm -B
configure:4529: checking the name lister (/usr/bin/nm -B) interface
configure:4536: gcc -c -g -O2  conftest.c >&5
configure:4539: /usr/bin/nm -B "conftest.o"
configure:4542: output
00000000 B some_variable
configure:4549: result: BSD nm
configure:4552: checking whether ln -s works
configure:4556: result: yes
configure:4564: checking the maximum length of command line arguments
configure:4684: result: 805306365
configure:4701: checking whether the shell understands some XSI constructs
configure:4711: result: yes
configure:4715: checking whether the shell understands "+="
configure:4721: result: yes
configure:4756: checking for /usr/bin/ld option to reload object files
configure:4763: result: -r
configure:4832: checking for objdump
configure:4848: found /usr/bin/objdump
configure:4859: result: objdump
configure:4891: checking how to recognize dependent libraries
configure:5087: result: pass_all
configure:5147: checking for ar
configure:5163: found /usr/bin/ar
configure:5174: result: ar
configure:5252: checking for strip
configure:5268: found /usr/bin/strip
configure:5279: result: strip
configure:5351: checking for ranlib
configure:5367: found /usr/bin/ranlib
configure:5378: result: ranlib
configure:5468: checking command to parse /usr/bin/nm -B output from gcc object
configure:5586: gcc -c -g -O2  conftest.c >&5
configure:5589: $? = 0
configure:5593: /usr/bin/nm -B conftest.o \| sed -n -e 's/^.*[	 ]\([ABCDGIRSTW][ABCDGIRSTW]*\)[	 ][	 ]*\([_A-Za-z][_A-Za-z0-9]*\)$/\1 \2 \2/p' \> conftest.nm
configure:5596: $? = 0
configure:5650: gcc -o conftest -g -O2   conftest.c conftstm.o >&5
configure:5653: $? = 0
configure:5691: result: ok
configure:6500: checking how to run the C preprocessor
configure:6531: gcc -E  conftest.c
configure:6531: $? = 0
configure:6545: gcc -E  conftest.c
conftest.c:11:28: fatal error: ac_nonexistent.h: No such file or directory
compilation terminated.
configure:6545: $? = 1
configure: failed program was:
| /* confdefs.h */
| #define PACKAGE_NAME ""
| #define PACKAGE_TARNAME ""
| #define PACKAGE_VERSION ""
| #define PACKAGE_STRING ""
| #define PACKAGE_BUGREPORT ""
| #define PACKAGE_URL ""
| #define PACKAGE "libvisca"
| #define VERSION "1.1.0"
| /* end confdefs.h.  */
| #include <ac_nonexistent.h>
configure:6570: result: gcc -E
configure:6590: gcc -E  conftest.c
configure:6590: $? = 0
configure:6604: gcc -E  conftest.c
conftest.c:11:28: fatal error: ac_nonexistent.h: No such file or directory
compilation terminated.
configure:6604: $? = 1
configure: failed program was:
| /* confdefs.h */
| #define PACKAGE_NAME ""
| #define PACKAGE_TARNAME ""
| #define PACKAGE_VERSION ""
| #define PACKAGE_STRING ""
| #define PACKAGE_BUGREPORT ""
| #define PACKAGE_URL ""
| #define PACKAGE "libvisca"
| #define VERSION "1.1.0"
| /* end confdefs.h.  */
| #include <ac_nonexistent.h>
configure:6633: checking for ANSI C header files
configure:6653: gcc -c -g -O2  conftest.c >&5
configure:6653: $? = 0
configure:6726: gcc -o conftest -g -O2   conftest.c  >&5
configure:6726: $? = 0
configure:6726: ./conftest
configure:6726: $? = 0
configure:6737: result: yes
configure:6750: checking for sys/types.h
configure:6750: gcc -c -g -O2  conftest.c >&5
configure:6750: $? = 0
configure:6750: result: yes
configure:6750: checking for sys/stat.h
configure:6750: gcc -c -g -O2  conftest.c >&5
configure:6750: $? = 0
configure:6750: result: yes
configure:6750: checking for stdlib.h
configure:6750: gcc -c -g -O2  conftest.c >&5
configure:6750: $? = 0
configure:6750: result: yes
configure:6750: checking for string.h
configure:6750: gcc -c -g -O2  conftest.c >&5
configure:6750: $? = 0
configure:6750: result: yes
configure:6750: checking for memory.h
configure:6750: gcc -c -g -O2  conftest.c >&5
configure:6750: $? = 0
configure:6750: result: yes
configure:6750: checking for strings.h
configure:6750: gcc -c -g -O2  conftest.c >&5
configure:6750: $? = 0
configure:6750: result: yes
configure:6750: checking for inttypes.h
configure:6750: gcc -c -g -O2  conftest.c >&5
configure:6750: $? = 0
configure:6750: result: yes
configure:6750: checking for stdint.h
configure:6750: gcc -c -g -O2  conftest.c >&5
configure:6750: $? = 0
configure:6750: result: yes
configure:6750: checking for unistd.h
configure:6750: gcc -c -g -O2  conftest.c >&5
configure:6750: $? = 0
configure:6750: result: yes
configure:6764: checking for dlfcn.h
configure:6764: gcc -c -g -O2  conftest.c >&5
configure:6764: $? = 0
configure:6764: result: yes
configure:6948: checking for objdir
configure:6963: result: .libs
configure:7255: checking if gcc supports -fno-rtti -fno-exceptions
configure:7273: gcc -c -g -O2  -fno-rtti -fno-exceptions conftest.c >&5
cc1: warning: command line option '-fno-rtti' is valid for C++/ObjC++ but not for C [enabled by default]
configure:7277: $? = 0
configure:7290: result: no
configure:7310: checking for gcc option to produce PIC
configure:7582: result: -fPIC -DPIC
configure:7594: checking if gcc PIC flag -fPIC -DPIC works
configure:7612: gcc -c -g -O2  -fPIC -DPIC -DPIC conftest.c >&5
configure:7616: $? = 0
configure:7629: result: yes
configure:7653: checking if gcc static flag -static works
configure:7681: result: yes
configure:7696: checking if gcc supports -c -o file.o
configure:7717: gcc -c -g -O2  -o out/conftest2.o conftest.c >&5
configure:7721: $? = 0
configure:7743: result: yes
configure:7751: checking if gcc supports -c -o file.o
configure:7798: result: yes
configure:7831: checking whether the gcc linker (/usr/bin/ld) supports shared libraries
configure:8821: result: yes
configure:8858: checking whether -lc should be explicitly linked in
configure:8863: gcc -c -g -O2  conftest.c >&5
configure:8866: $? = 0
configure:8881: gcc -shared conftest.o  -v -Wl,-soname -Wl,conftest -o conftest 2\>\&1 \| /bin/grep  -lc  \>/dev/null 2\>\&1
configure:8884: $? = 0
configure:8896: result: no
configure:9060: checking dynamic linker characteristics
configure:9493: gcc -o conftest -g -O2   -Wl,-rpath -Wl,/foo conftest.c  >&5
configure:9493: $? = 0
configure:9723: result: GNU/Linux ld.so
configure:9825: checking how to hardcode library paths into programs
configure:9850: result: immediate
configure:10370: checking whether stripping libraries is possible
configure:10375: result: yes
configure:10410: checking if libtool supports shared libraries
configure:10412: result: yes
configure:10415: checking whether to build shared libraries
configure:10436: result: yes
configure:10439: checking whether to build static libraries
configure:10443: result: yes
configure:10479: checking for ANSI C header files
configure:10583: result: yes
configure:10594: checking fcntl.h usability
configure:10594: gcc -c -g -O2  conftest.c >&5
configure:10594: $? = 0
configure:10594: result: yes
configure:10594: checking fcntl.h presence
configure:10594: gcc -E  conftest.c
configure:10594: $? = 0
configure:10594: result: yes
configure:10594: checking for fcntl.h
configure:10594: result: yes
configure:10594: checking sys/ioctl.h usability
configure:10594: gcc -c -g -O2  conftest.c >&5
configure:10594: $? = 0
configure:10594: result: yes
configure:10594: checking sys/ioctl.h presence
configure:10594: gcc -E  conftest.c
configure:10594: $? = 0
configure:10594: result: yes
configure:10594: checking for sys/ioctl.h
configure:10594: result: yes
configure:10594: checking for unistd.h
configure:10594: result: yes
configure:10605: checking for size_t
configure:10605: gcc -c -g -O2  conftest.c >&5
configure:10605: $? = 0
configure:10605: gcc -c -g -O2  conftest.c >&5
conftest.c: In function 'main':
conftest.c:63:21: error: expected expression before ')' token
configure:10605: $? = 1
configure: failed program was:
| /* confdefs.h */
| #define PACKAGE_NAME ""
| #define PACKAGE_TARNAME ""
| #define PACKAGE_VERSION ""
| #define PACKAGE_STRING ""
| #define PACKAGE_BUGREPORT ""
| #define PACKAGE_URL ""
| #define PACKAGE "libvisca"
| #define VERSION "1.1.0"
| #define STDC_HEADERS 1
| #define HAVE_SYS_TYPES_H 1
| #define HAVE_SYS_STAT_H 1
| #define HAVE_STDLIB_H 1
| #define HAVE_STRING_H 1
| #define HAVE_MEMORY_H 1
| #define HAVE_STRINGS_H 1
| #define HAVE_INTTYPES_H 1
| #define HAVE_STDINT_H 1
| #define HAVE_UNISTD_H 1
| #define HAVE_DLFCN_H 1
| #define LT_OBJDIR ".libs/"
| #define STDC_HEADERS 1
| #define HAVE_FCNTL_H 1
| #define HAVE_SYS_IOCTL_H 1
| #define HAVE_UNISTD_H 1
| /* end confdefs.h.  */
| #include <stdio.h>
| #ifdef HAVE_SYS_TYPES_H
| # include <sys/types.h>
| #endif
| #ifdef HAVE_SYS_STAT_H
| # include <sys/stat.h>
| #endif
| #ifdef STDC_HEADERS
| # include <stdlib.h>
| # include <stddef.h>
| #else
| # ifdef HAVE_STDLIB_H
| #  include <stdlib.h>
| # endif
| #endif
| #ifdef HAVE_STRING_H
| # if !defined STDC_HEADERS && defined HAVE_MEMORY_H
| #  include <memory.h>
| # endif
| # include <string.h>
| #endif
| #ifdef HAVE_STRINGS_H
| # include <strings.h>
| #endif
| #ifdef HAVE_INTTYPES_H
| # include <inttypes.h>
| #endif
| #ifdef HAVE_STDINT_H
| # include <stdint.h>
| #endif
| #ifdef HAVE_UNISTD_H
| # include <unistd.h>
| #endif
| int
| main ()
| {
| if (sizeof ((size_t)))
| 	    return 0;
|   ;
|   return 0;
| }
configure:10605: result: yes
configure:10623: checking for stdlib.h
configure:10623: result: yes
configure:10623: checking for unistd.h
configure:10623: result: yes
configure:10623: checking for sys/param.h
configure:10623: gcc -c -g -O2  conftest.c >&5
configure:10623: $? = 0
configure:10623: result: yes
configure:10643: checking for getpagesize
configure:10643: gcc -o conftest -g -O2   conftest.c  >&5
configure:10643: $? = 0
configure:10643: result: yes
configure:10652: checking for working mmap
configure:10799: gcc -o conftest -g -O2   conftest.c  >&5
configure:10799: $? = 0
configure:10799: ./conftest
configure:10799: $? = 0
configure:10809: result: yes
configure:10964: creating ./config.status

## ---------------- ##
## Cache variables. ##
## ---------------- ##

ac_cv_build=i686-pc-linux-gnu
ac_cv_c_compiler_gnu=yes
ac_cv_env_CC_set=
ac_cv_env_CC_value=
ac_cv_env_CFLAGS_set=
ac_cv_env_CFLAGS_value=
ac_cv_env_CPPFLAGS_set=
ac_cv_env_CPPFLAGS_value=
ac_cv_env_CPP_set=
ac_cv_env_CPP_value=
ac_cv_env_LDFLAGS_set=
ac_cv_env_LDFLAGS_value=
ac_cv_env_LIBS_set=
ac_cv_env_LIBS_value=
ac_cv_env_build_alias_set=
ac_cv_env_build_alias_value=
ac_cv_env_host_alias_set=
ac_cv_env_host_alias_value=
ac_cv_env_target_alias_set=
ac_cv_env_target_alias_value=
ac_cv_func_getpagesize=yes
ac_cv_func_mmap_fixed_mapped=yes
ac_cv_header_dlfcn_h=yes
ac_cv_header_fcntl_h=yes
ac_cv_header_inttypes_h=yes
ac_cv_header_memory_h=yes
ac_cv_header_stdc=yes
ac_cv_header_stdint_h=yes
ac_cv_header_stdlib_h=yes
ac_cv_header_string_h=yes
ac_cv_header_strings_h=yes
ac_cv_header_sys_ioctl_h=yes
ac_cv_header_sys_param_h=yes
ac_cv_header_sys_stat_h=yes
ac_cv_header_sys_types_h=yes
ac_cv_header_unistd_h=yes
ac_cv_host=i686-pc-linux-gnu
ac_cv_objext=o
ac_cv_path_EGREP='/bin/grep -E'
ac_cv_path_FGREP='/bin/grep -F'
ac_cv_path_GREP=/bin/grep
ac_cv_path_SED=/bin/sed
ac_cv_path_install='/usr/bin/install -c'
ac_cv_path_mkdir=/bin/mkdir
ac_cv_prog_AWK=mawk
ac_cv_prog_CPP='gcc -E'
ac_cv_prog_ac_ct_AR=ar
ac_cv_prog_ac_ct_CC=gcc
ac_cv_prog_ac_ct_OBJDUMP=objdump
ac_cv_prog_ac_ct_RANLIB=ranlib
ac_cv_prog_ac_ct_STRIP=strip
ac_cv_prog_cc_c89=
ac_cv_prog_cc_g=yes
ac_cv_prog_make_make_set=yes
ac_cv_type_size_t=yes
am_cv_CC_dependencies_compiler_type=gcc3
lt_cv_deplibs_check_method=pass_all
lt_cv_file_magic_cmd='$MAGIC_CMD'
lt_cv_file_magic_test_file=
lt_cv_ld_reload_flag=-r
lt_cv_nm_interface='BSD nm'
lt_cv_objdir=.libs
lt_cv_path_LD=/usr/bin/ld
lt_cv_path_NM='/usr/bin/nm -B'
lt_cv_prog_compiler_c_o=yes
lt_cv_prog_compiler_pic_works=yes
lt_cv_prog_compiler_rtti_exceptions=no
lt_cv_prog_compiler_static_works=yes
lt_cv_prog_gnu_ld=yes
lt_cv_sys_global_symbol_pipe='sed -n -e '\''s/^.*[	 ]\([ABCDGIRSTW][ABCDGIRSTW]*\)[	 ][	 ]*\([_A-Za-z][_A-Za-z0-9]*\)$/\1 \2 \2/p'\'''
lt_cv_sys_global_symbol_to_c_name_address='sed -n -e '\''s/^: \([^ ]*\) $/  {\"\1\", (void *) 0},/p'\'' -e '\''s/^[ABCDGIRSTW]* \([^ ]*\) \([^ ]*\)$/  {"\2", (void *) \&\2},/p'\'''
lt_cv_sys_global_symbol_to_c_name_address_lib_prefix='sed -n -e '\''s/^: \([^ ]*\) $/  {\"\1\", (void *) 0},/p'\'' -e '\''s/^[ABCDGIRSTW]* \([^ ]*\) \(lib[^ ]*\)$/  {"\2", (void *) \&\2},/p'\'' -e '\''s/^[ABCDGIRSTW]* \([^ ]*\) \([^ ]*\)$/  {"lib\2", (void *) \&\2},/p'\'''
lt_cv_sys_global_symbol_to_cdecl='sed -n -e '\''s/^T .* \(.*\)$/extern int \1();/p'\'' -e '\''s/^[ABCDGIRSTW]* .* \(.*\)$/extern char \1;/p'\'''
lt_cv_sys_max_cmd_len=805306365

## ----------------- ##
## Output variables. ##
## ----------------- ##

ACLOCAL='${SHELL} /home/mcginnis/atp12-skysphere/resources/libvisca-1.1.0/missing --run aclocal-1.11'
AMDEPBACKSLASH='\'
AMDEP_FALSE='#'
AMDEP_TRUE=''
AMTAR='${SHELL} /home/mcginnis/atp12-skysphere/resources/libvisca-1.1.0/missing --run tar'
AR='ar'
AUTOCONF='${SHELL} /home/mcginnis/atp12-skysphere/resources/libvisca-1.1.0/missing --run autoconf'
AUTOHEADER='${SHELL} /home/mcginnis/atp12-skysphere/resources/libvisca-1.1.0/missing --run autoheader'
AUTOMAKE='${SHELL} /home/mcginnis/atp12-skysphere/resources/libvisca-1.1.0/missing --run automake-1.11'
AWK='mawk'
CC='gcc'
CCDEPMODE='depmode=gcc3'
CFLAGS='-g -O2 -Wall -Wunused'
CPP='gcc -E'
CPPFLAGS=''
CYGPATH_W='echo'
DEFS='-DHAVE_CONFIG_H'
DEPDIR='.deps'
DSYMUTIL=''
DUMPBIN=''
ECHO_C=''
ECHO_N='-n'
ECHO_T=''
EGREP='/bin/grep -E'
EXEEXT=''
FGREP='/bin/grep -F'
GREP='/bin/grep'
INSTALL_DATA='${INSTALL} -m 644'
INSTALL_PROGRAM='${INSTALL}'
INSTALL_SCRIPT='${INSTALL}'
INSTALL_STRIP_PROGRAM='$(install_sh) -c -s'
LD='/usr/bin/ld'
LDFLAGS=''
LIBOBJS=''
LIBS=''
LIBTOOL='$(SHELL) $(top_builddir)/libtool'
LIPO=''
LN_S='ln -s'
LTLIBOBJS=''
MAKEINFO='${SHELL} /home/mcginnis/atp12-skysphere/resources/libvisca-1.1.0/missing --run makeinfo'
MKDIR_P='/bin/mkdir -p'
NM='/usr/bin/nm -B'
NMEDIT=''
OBJDUMP='objdump'
OBJEXT='o'
OTOOL64=''
OTOOL=''
PACKAGE='libvisca'
PACKAGE_BUGREPORT=''
PACKAGE_NAME=''
PACKAGE_STRING=''
PACKAGE_TARNAME=''
PACKAGE_URL=''
PACKAGE_VERSION=''
PATH_SEPARATOR=':'
RANLIB='ranlib'
SED='/bin/sed'
SET_MAKE=''
SHELL='/bin/bash'
STRIP='strip'
VERSION='1.1.0'
ac_ct_CC='gcc'
ac_ct_DUMPBIN=''
am__EXEEXT_FALSE=''
am__EXEEXT_TRUE='#'
am__fastdepCC_FALSE='#'
am__fastdepCC_TRUE=''
am__include='include'
am__isrc=''
am__leading_dot='.'
am__quote=''
am__tar='${AMTAR} chof - "$$tardir"'
am__untar='${AMTAR} xf -'
bindir='${exec_prefix}/bin'
build='i686-pc-linux-gnu'
build_alias=''
build_cpu='i686'
build_os='linux-gnu'
build_vendor='pc'
datadir='${datarootdir}'
datarootdir='${prefix}/share'
docdir='${datarootdir}/doc/${PACKAGE}'
dvidir='${docdir}'
exec_prefix='${prefix}'
host='i686-pc-linux-gnu'
host_alias=''
host_cpu='i686'
host_os='linux-gnu'
host_vendor='pc'
htmldir='${docdir}'
includedir='${prefix}/include'
infodir='${datarootdir}/info'
install_sh='${SHELL} /home/mcginnis/atp12-skysphere/resources/libvisca-1.1.0/install-sh'
libdir='${exec_prefix}/lib'
libexecdir='${exec_prefix}/libexec'
localedir='${datarootdir}/locale'
localstatedir='${prefix}/var'
lt_ECHO='echo'
lt_age='0'
lt_major='3'
lt_revision='0'
mandir='${datarootdir}/man'
mkdir_p='/bin/mkdir -p'
oldincludedir='/usr/include'
pdfdir='${docdir}'
pkgincludedir='$(includedir)/visca'
prefix='/usr/local'
program_transform_name='s,x,x,'
psdir='${docdir}'
sbindir='${exec_prefix}/sbin'
sharedstatedir='${prefix}/com'
sysconfdir='${prefix}/etc'
target_alias=''

## ----------- ##
## confdefs.h. ##
## ----------- ##

/* confdefs.h */
#define PACKAGE_NAME ""
#define PACKAGE_TARNAME ""
#define PACKAGE_VERSION ""
#define PACKAGE_STRING ""
#define PACKAGE_BUGREPORT ""
#define PACKAGE_URL ""
#define PACKAGE "libvisca"
#define VERSION "1.1.0"
#define STDC_HEADERS 1
#define HAVE_SYS_TYPES_H 1
#define HAVE_SYS_STAT_H 1
#define HAVE_STDLIB_H 1
#define HAVE_STRING_H 1
#define HAVE_MEMORY_H 1
#define HAVE_STRINGS_H 1
#define HAVE_INTTYPES_H 1
#define HAVE_STDINT_H 1
#define HAVE_UNISTD_H 1
#define HAVE_DLFCN_H 1
#define LT_OBJDIR ".libs/"
#define STDC_HEADERS 1
#define HAVE_FCNTL_H 1
#define HAVE_SYS_IOCTL_H 1
#define HAVE_UNISTD_H 1
#define HAVE_STDLIB_H 1
#define HAVE_UNISTD_H 1
#define HAVE_SYS_PARAM_H 1
#define HAVE_GETPAGESIZE 1
#define HAVE_MMAP 1

configure: exit 0

## ---------------------- ##
## Running config.status. ##
## ---------------------- ##

This file was extended by config.status, which was
generated by GNU Autoconf 2.68.  Invocation command line was

  CONFIG_FILES    = 
  CONFIG_HEADERS  = 
  CONFIG_LINKS    = 
  CONFIG_COMMANDS = 
  $ ./config.status 

on manbeardo-bigbox

config.status:1087: creating Makefile
config.status:1087: creating visca/Makefile
config.status:1087: creating examples/Makefile
config.status:1087: creating VC2005/Makefile
config.status:1087: creating config.h
config.status:1268: config.h is unchanged
config.status:1316: executing depfiles commands
config.status:1316: executing libtool commands

## ---------------------- ##
## Running config.status. ##
## ---------------------- ##

This file was extended by config.status, which was
generated by GNU Autoconf 2.68.  Invocation command line was

  CONFIG_FILES    = 
  CONFIG_HEADERS  = 
  CONFIG_LINKS    = 
  CONFIG_COMMANDS = 
  $ ./config.status config.h

on manbeardo-bigbox

config.status:1087: creating config.h
config.status:1268: config.h is unchanged
